<?xml version="1.0" encoding="UTF-8"?>
<!-- Generated by org.testng.reporters.JUnitReportReporter -->
<testsuite hostname="LAPTOP-4EGBTEKJ" failures="0" tests="4" name="com.nopcommerce.demo.runner.RunCukeTest" time="107.393" errors="0" timestamp="2023-12-19T18:29:00 GMT" skipped="0">
  <testcase classname="com.nopcommerce.demo.runner.RunCukeTest" name="runScenario" time="5.414"/>
  <testcase classname="com.nopcommerce.demo.runner.RunCukeTest" name="runScenario" time="21.896"/>
  <testcase classname="com.nopcommerce.demo.runner.RunCukeTest" name="runScenario" time="15.953"/>
  <testcase classname="com.nopcommerce.demo.runner.RunCukeTest" name="runScenario" time="64.130"/>
</testsuite> <!-- com.nopcommerce.demo.runner.RunCukeTest -->
